21568 2025-01-07 10:18:01,279 my_logger  INFO  {
    "ok": true,
    "channels": [
        {
            "id": "C086YFZ9DDL",
            "name": "all-shilpa",
            "is_channel": true,
            "is_group": false,
            "is_im": false,
            "is_mpim": false,
            "is_private": false,
            "created": 1735880201,
            "is_archived": false,
            "is_general": true,
            "unlinked": 0,
            "name_normalized": "all-shilpa",
            "is_shared": false,
            "is_org_shared": false,
            "is_pending_ext_shared": false,
            "pending_shared": [],
            "context_team_id": "T0877KXMYAY",
            "updated": 1735880230018,
            "parent_conversation": null,
            "creator": "U087TURK6L8",
            "is_ext_shared": false,
            "shared_team_ids": [
                "T0877KXMYAY"
            ],
            "pending_connected_team_ids": [],
            "is_member": false,
            "topic": {
                "value": "",
                "creator": "",
                "last_set": 0
            },
            "purpose": {
                "value": "Share announcements and updates about company news, upcoming events or teammates who deserve some kudos. \u2b50",
                "creator": "U087TURK6L8",
                "last_set": 1735880201
            },
            "properties": {
                "canvas": {
                    "file_id": "F086YFZAKSA",
                    "is_empty": false,
                    "quip_thread_id": "DOF9AA4MjtB"
                },
                "use_case": "welcome"
            },
            "previous_names": [
                "all-slack"
            ],
            "num_members": 4
        },
        {
            "id": "C086YG1SQT0",
            "name": "ktonpython",
            "is_channel": true,
            "is_group": false,
            "is_im": false,
            "is_mpim": false,
            "is_private": false,
            "created": 1735880293,
            "is_archived": false,
            "is_general": false,
            "unlinked": 0,
            "name_normalized": "ktonpython",
            "is_shared": false,
            "is_org_shared": false,
            "is_pending_ext_shared": false,
            "pending_shared": [],
            "context_team_id": "T0877KXMYAY",
            "updated": 1735880294610,
            "parent_conversation": null,
            "creator": "U087TURK6L8",
            "is_ext_shared": false,
            "shared_team_ids": [
                "T0877KXMYAY"
            ],
            "pending_connected_team_ids": [],
            "is_member": false,
            "topic": {
                "value": "",
                "creator": "",
                "last_set": 0
            },
            "purpose": {
                "value": "This channel is for everything #ktonpython. Hold meetings, share docs and make decisions together with your team.",
                "creator": "U087TURK6L8",
                "last_set": 1735880293
            },
            "properties": {
                "canvas": {
                    "file_id": "F08754QUKH8",
                    "quip_thread_id": "bHF9AAsaCsz"
                },
                "use_case": "project"
            },
            "previous_names": [],
            "num_members": 4
        }
    ],
    "response_metadata": {
        "next_cursor": "dGVhbTpDMDg3SFIzNzAwWg=="
    }
}
21568 2025-01-07 10:18:01,280 my_logger  INFO  200
21568 2025-01-07 10:18:01,893 my_logger  INFO  {
    "ok": true,
    "members": [
        {
            "id": "USLACKBOT",
            "team_id": "T0877KXMYAY",
            "name": "slackbot",
            "deleted": false,
            "color": "757575",
            "real_name": "Slackbot",
            "tz": "America/Los_Angeles",
            "tz_label": "Pacific Standard Time",
            "tz_offset": -28800,
            "profile": {
                "title": "",
                "phone": "",
                "skype": "",
                "real_name": "Slackbot",
                "real_name_normalized": "Slackbot",
                "display_name": "Slackbot",
                "display_name_normalized": "Slackbot",
                "fields": {},
                "status_text": "",
                "status_emoji": "",
                "status_emoji_display_info": [],
                "status_expiration": 0,
                "avatar_hash": "sv41d8cd98f0",
                "always_active": true,
                "first_name": "slackbot",
                "last_name": "",
                "image_24": "https://a.slack-edge.com/80588/img/slackbot_24.png",
                "image_32": "https://a.slack-edge.com/80588/img/slackbot_32.png",
                "image_48": "https://a.slack-edge.com/80588/img/slackbot_48.png",
                "image_72": "https://a.slack-edge.com/80588/img/slackbot_72.png",
                "image_192": "https://a.slack-edge.com/80588/marketing/img/avatars/slackbot/avatar-slackbot.png",
                "image_512": "https://a.slack-edge.com/80588/img/slackbot_512.png",
                "status_text_canonical": "",
                "team": "T0877KXMYAY"
            },
            "is_admin": false,
            "is_owner": false,
            "is_primary_owner": false,
            "is_restricted": false,
            "is_ultra_restricted": false,
            "is_bot": false,
            "is_app_user": false,
            "updated": 0,
            "is_email_confirmed": false,
            "who_can_share_contact_card": "EVERYONE"
        },
        {
            "id": "U086YJMJ51C",
            "team_id": "T0877KXMYAY",
            "name": "powerful_app",
            "deleted": false,
            "color": "a63024",
            "real_name": "Powerful app",
            "tz": "America/Los_Angeles",
            "tz_label": "Pacific Standard Time",
            "tz_offset": -28800,
            "profile": {
                "title": "",
                "phone": "",
                "skype": "",
                "real_name": "Powerful app",
                "real_name_normalized": "Powerful app",
                "display_name": "",
                "display_name_normalized": "",
                "fields": null,
                "status_text": "",
                "status_emoji": "",
                "status_emoji_display_info": [],
                "status_expiration": 0,
                "avatar_hash": "g58d49751323",
                "api_app_id": "A08754K96CT",
                "always_active": true,
                "bot_id": "B08754T8TD1",
                "first_name": "Powerful",
                "last_name": "app",
                "image_24": "https://secure.gravatar.com/avatar/58d497513237d9f584751f980e634c0d.jpg?s=24&d=https%3A%2F%2Fa.slack-edge.com%2Fdf10d%2Fimg%2Favatars%2Fava_0015-24.png",
                "image_32": "https://secure.gravatar.com/avatar/58d497513237d9f584751f980e634c0d.jpg?s=32&d=https%3A%2F%2Fa.slack-edge.com%2Fdf10d%2Fimg%2Favatars%2Fava_0015-32.png",
                "image_48": "https://secure.gravatar.com/avatar/58d497513237d9f584751f980e634c0d.jpg?s=48&d=https%3A%2F%2Fa.slack-edge.com%2Fdf10d%2Fimg%2Favatars%2Fava_0015-48.png",
                "image_72": "https://secure.gravatar.com/avatar/58d497513237d9f584751f980e634c0d.jpg?s=72&d=https%3A%2F%2Fa.slack-edge.com%2Fdf10d%2Fimg%2Favatars%2Fava_0015-72.png",
                "image_192": "https://secure.gravatar.com/avatar/58d497513237d9f584751f980e634c0d.jpg?s=192&d=https%3A%2F%2Fa.slack-edge.com%2Fdf10d%2Fimg%2Favatars%2Fava_0015-192.png",
                "image_512": "https://secure.gravatar.com/avatar/58d497513237d9f584751f980e634c0d.jpg?s=512&d=https%3A%2F%2Fa.slack-edge.com%2Fdf10d%2Fimg%2Favatars%2Fava_0015-512.png",
                "status_text_canonical": "",
                "team": "T0877KXMYAY"
            },
            "is_admin": false,
            "is_owner": false,
            "is_primary_owner": false,
            "is_restricted": false,
            "is_ultra_restricted": false,
            "is_bot": true,
            "is_app_user": false,
            "updated": 1736140053,
            "is_email_confirmed": false,
            "who_can_share_contact_card": "EVERYONE"
        },
        {
            "id": "U08785TGRD2",
            "team_id": "T0877KXMYAY",
            "name": "rajendra.prasad",
            "deleted": false,
            "color": "e23f99",
            "real_name": "Rajendra Prasad",
            "tz": "Asia/Kolkata",
            "tz_label": "India Standard Time",
            "tz_offset": 19800,
            "profile": {
                "title": "",
                "phone": "",
                "skype": "",
                "real_name": "Rajendra Prasad",
                "real_name_normalized": "Rajendra Prasad",
                "display_name": "",
                "display_name_normalized": "",
                "fields": null,
                "status_text": "",
                "status_emoji": "",
                "status_emoji_display_info": [],
                "status_expiration": 0,
                "avatar_hash": "g990e4d8c8aa",
                "first_name": "Rajendra",
                "last_name": "Prasad",
                "image_24": "https://secure.gravatar.com/avatar/990e4d8c8aab4beb20e727a8e2c3c5c5.jpg?s=24&d=https%3A%2F%2Fa.slack-edge.com%2Fdf10d%2Fimg%2Favatars%2Fava_0014-24.png",
                "image_32": "https://secure.gravatar.com/avatar/990e4d8c8aab4beb20e727a8e2c3c5c5.jpg?s=32&d=https%3A%2F%2Fa.slack-edge.com%2Fdf10d%2Fimg%2Favatars%2Fava_0014-32.png",
                "image_48": "https://secure.gravatar.com/avatar/990e4d8c8aab4beb20e727a8e2c3c5c5.jpg?s=48&d=https%3A%2F%2Fa.slack-edge.com%2Fdf10d%2Fimg%2Favatars%2Fava_0014-48.png",
                "image_72": "https://secure.gravatar.com/avatar/990e4d8c8aab4beb20e727a8e2c3c5c5.jpg?s=72&d=https%3A%2F%2Fa.slack-edge.com%2Fdf10d%2Fimg%2Favatars%2Fava_0014-72.png",
                "image_192": "https://secure.gravatar.com/avatar/990e4d8c8aab4beb20e727a8e2c3c5c5.jpg?s=192&d=https%3A%2F%2Fa.slack-edge.com%2Fdf10d%2Fimg%2Favatars%2Fava_0014-192.png",
                "image_512": "https://secure.gravatar.com/avatar/990e4d8c8aab4beb20e727a8e2c3c5c5.jpg?s=512&d=https%3A%2F%2Fa.slack-edge.com%2Fdf10d%2Fimg%2Favatars%2Fava_0014-512.png",
                "status_text_canonical": "",
                "team": "T0877KXMYAY"
            },
            "is_admin": false,
            "is_owner": false,
            "is_primary_owner": false,
            "is_restricted": false,
            "is_ultra_restricted": false,
            "is_bot": false,
            "is_app_user": false,
            "updated": 1735893782,
            "is_email_confirmed": false,
            "who_can_share_contact_card": "EVERYONE",
            "is_invited_user": true
        },
        {
            "id": "U087JAZJXB3",
            "team_id": "T0877KXMYAY",
            "name": "varsha.ramesh",
            "deleted": false,
            "color": "4d5e26",
            "real_name": "Varsha Ramesh",
            "tz": "Asia/Kolkata",
            "tz_label": "India Standard Time",
            "tz_offset": 19800,
            "profile": {
                "title": "",
                "phone": "",
                "skype": "",
                "real_name": "Varsha Ramesh",
                "real_name_normalized": "Varsha Ramesh",
                "display_name": "",
                "display_name_normalized": "",
                "fields": null,
                "status_text": "",
                "status_emoji": "",
                "status_emoji_display_info": [],
                "status_expiration": 0,
                "avatar_hash": "gddaf5ddd326",
                "first_name": "Varsha",
                "last_name": "Ramesh",
                "image_24": "https://secure.gravatar.com/avatar/ddaf5ddd326ee6930402ac81d2472221.jpg?s=24&d=https%3A%2F%2Fa.slack-edge.com%2Fdf10d%2Fimg%2Favatars%2Fava_0021-24.png",
                "image_32": "https://secure.gravatar.com/avatar/ddaf5ddd326ee6930402ac81d2472221.jpg?s=32&d=https%3A%2F%2Fa.slack-edge.com%2Fdf10d%2Fimg%2Favatars%2Fava_0021-32.png",
                "image_48": "https://secure.gravatar.com/avatar/ddaf5ddd326ee6930402ac81d2472221.jpg?s=48&d=https%3A%2F%2Fa.slack-edge.com%2Fdf10d%2Fimg%2Favatars%2Fava_0021-48.png",
                "image_72": "https://secure.gravatar.com/avatar/ddaf5ddd326ee6930402ac81d2472221.jpg?s=72&d=https%3A%2F%2Fa.slack-edge.com%2Fdf10d%2Fimg%2Favatars%2Fava_0021-72.png",
                "image_192": "https://secure.gravatar.com/avatar/ddaf5ddd326ee6930402ac81d2472221.jpg?s=192&d=https%3A%2F%2Fa.slack-edge.com%2Fdf10d%2Fimg%2Favatars%2Fava_0021-192.png",
                "image_512": "https://secure.gravatar.com/avatar/ddaf5ddd326ee6930402ac81d2472221.jpg?s=512&d=https%3A%2F%2Fa.slack-edge.com%2Fdf10d%2Fimg%2Favatars%2Fava_0021-512.png",
                "status_text_canonical": "",
                "team": "T0877KXMYAY"
            },
            "is_admin": false,
            "is_owner": false,
            "is_primary_owner": false,
            "is_restricted": false,
            "is_ultra_restricted": false,
            "is_bot": false,
            "is_app_user": false,
            "updated": 1735893798,
            "is_email_confirmed": false,
            "who_can_share_contact_card": "EVERYONE",
            "is_invited_user": true
        },
        {
            "id": "U087TURK6L8",
            "team_id": "T0877KXMYAY",
            "name": "gvshilpa121",
            "deleted": false,
            "color": "4d5e26",
            "real_name": "gvshilpa121",
            "tz": "Asia/Kolkata",
            "tz_label": "India Standard Time",
            "tz_offset": 19800,
            "profile": {
                "title": "",
                "phone": "",
                "skype": "",
                "real_name": "gvshilpa121",
                "real_name_normalized": "gvshilpa121",
                "display_name": "",
                "display_name_normalized": "",
                "fields": null,
                "status_text": "",
                "status_emoji": "",
                "status_emoji_display_info": [],
                "status_expiration": 0,
                "avatar_hash": "ga10ad0e32ab",
                "first_name": "gvshilpa121",
                "last_name": "",
                "image_24": "https://secure.gravatar.com/avatar/a10ad0e32ab3eb3fb9e6f1e2b30330d9.jpg?s=24&d=https%3A%2F%2Fa.slack-edge.com%2Fdf10d%2Fimg%2Favatars%2Fava_0017-24.png",
                "image_32": "https://secure.gravatar.com/avatar/a10ad0e32ab3eb3fb9e6f1e2b30330d9.jpg?s=32&d=https%3A%2F%2Fa.slack-edge.com%2Fdf10d%2Fimg%2Favatars%2Fava_0017-32.png",
                "image_48": "https://secure.gravatar.com/avatar/a10ad0e32ab3eb3fb9e6f1e2b30330d9.jpg?s=48&d=https%3A%2F%2Fa.slack-edge.com%2Fdf10d%2Fimg%2Favatars%2Fava_0017-48.png",
                "image_72": "https://secure.gravatar.com/avatar/a10ad0e32ab3eb3fb9e6f1e2b30330d9.jpg?s=72&d=https%3A%2F%2Fa.slack-edge.com%2Fdf10d%2Fimg%2Favatars%2Fava_0017-72.png",
                "image_192": "https://secure.gravatar.com/avatar/a10ad0e32ab3eb3fb9e6f1e2b30330d9.jpg?s=192&d=https%3A%2F%2Fa.slack-edge.com%2Fdf10d%2Fimg%2Favatars%2Fava_0017-192.png",
                "image_512": "https://secure.gravatar.com/avatar/a10ad0e32ab3eb3fb9e6f1e2b30330d9.jpg?s=512&d=https%3A%2F%2Fa.slack-edge.com%2Fdf10d%2Fimg%2Favatars%2Fava_0017-512.png",
                "status_text_canonical": "",
                "team": "T0877KXMYAY"
            },
            "is_admin": true,
            "is_owner": true,
            "is_primary_owner": true,
            "is_restricted": false,
            "is_ultra_restricted": false,
            "is_bot": false,
            "is_app_user": false,
            "updated": 1735880242,
            "is_email_confirmed": true,
            "who_can_share_contact_card": "EVERYONE"
        },
        {
            "id": "U087UEKQ2GY",
            "team_id": "T0877KXMYAY",
            "name": "sarfaraz.ahmad",
            "deleted": false,
            "color": "2b6836",
            "real_name": "Sarfaraz Ahmad",
            "tz": "Asia/Kolkata",
            "tz_label": "India Standard Time",
            "tz_offset": 19800,
            "profile": {
                "title": "",
                "phone": "",
                "skype": "",
                "real_name": "Sarfaraz Ahmad",
                "real_name_normalized": "Sarfaraz Ahmad",
                "display_name": "",
                "display_name_normalized": "",
                "fields": null,
                "status_text": "",
                "status_emoji": "",
                "status_emoji_display_info": [],
                "status_expiration": 0,
                "avatar_hash": "g02d65a3115e",
                "first_name": "Sarfaraz",
                "last_name": "Ahmad",
                "image_24": "https://secure.gravatar.com/avatar/02d65a3115eba7e8adad3620b3fd6ff2.jpg?s=24&d=https%3A%2F%2Fa.slack-edge.com%2Fdf10d%2Fimg%2Favatars%2Fava_0017-24.png",
                "image_32": "https://secure.gravatar.com/avatar/02d65a3115eba7e8adad3620b3fd6ff2.jpg?s=32&d=https%3A%2F%2Fa.slack-edge.com%2Fdf10d%2Fimg%2Favatars%2Fava_0017-32.png",
                "image_48": "https://secure.gravatar.com/avatar/02d65a3115eba7e8adad3620b3fd6ff2.jpg?s=48&d=https%3A%2F%2Fa.slack-edge.com%2Fdf10d%2Fimg%2Favatars%2Fava_0017-48.png",
                "image_72": "https://secure.gravatar.com/avatar/02d65a3115eba7e8adad3620b3fd6ff2.jpg?s=72&d=https%3A%2F%2Fa.slack-edge.com%2Fdf10d%2Fimg%2Favatars%2Fava_0017-72.png",
                "image_192": "https://secure.gravatar.com/avatar/02d65a3115eba7e8adad3620b3fd6ff2.jpg?s=192&d=https%3A%2F%2Fa.slack-edge.com%2Fdf10d%2Fimg%2Favatars%2Fava_0017-192.png",
                "image_512": "https://secure.gravatar.com/avatar/02d65a3115eba7e8adad3620b3fd6ff2.jpg?s=512&d=https%3A%2F%2Fa.slack-edge.com%2Fdf10d%2Fimg%2Favatars%2Fava_0017-512.png",
                "status_text_canonical": "",
                "team": "T0877KXMYAY"
            },
            "is_admin": false,
            "is_owner": false,
            "is_primary_owner": false,
            "is_restricted": false,
            "is_ultra_restricted": false,
            "is_bot": false,
            "is_app_user": false,
            "updated": 1735893746,
            "is_email_confirmed": false,
            "who_can_share_contact_card": "EVERYONE",
            "is_invited_user": true
        }
    ],
    "cache_ts": 1736225281,
    "response_metadata": {
        "next_cursor": ""
    }
}
21568 2025-01-07 10:18:01,893 my_logger  INFO  200
